# JRE version: OpenJDK Runtime Environment (11.0.12+7) (build 11.0.12+7-b1504.28-7817840)
# Java VM: OpenJDK 64-Bit Server VM (11.0.12+7-b1504.28-7817840, mixed mode, tiered, compressed oops, g1 gc, windows-amd64)
Heap:
 garbage-first heap   total 114688K, used 76956K [0x00000000c1200000, 0x0000000100000000)
  region size 1024K, 20 young (20480K), 3 survivors (3072K)
 Metaspace       used 66637K, capacity 67492K, committed 67712K, reserved 1110016K
  class space    used 7456K, capacity 7801K, committed 7808K, reserved 1048576K
GC Heap History (20 events):
Event: 17.400 GC heap before
{Heap before GC invocations=11 (full 0):
 garbage-first heap   total 78848K, used 55885K [0x00000000c1200000, 0x0000000100000000)
  region size 1024K, 26 young (26624K), 4 survivors (4096K)
 Metaspace       used 50011K, capacity 50532K, committed 50688K, reserved 1093632K
  class space    used 5836K, capacity 6058K, committed 6144K, reserved 1048576K
}
Event: 17.426 GC heap after
{Heap after GC invocations=12 (full 0):
 garbage-first heap   total 78848K, used 34751K [0x00000000c1200000, 0x0000000100000000)
  region size 1024K, 2 young (2048K), 2 survivors (2048K)
 Metaspace       used 50011K, capacity 50532K, committed 50688K, reserved 1093632K
  class space    used 5836K, capacity 6058K, committed 6144K, reserved 1048576K
}
Event: 18.308 GC heap before
{Heap before GC invocations=12 (full 0):
 garbage-first heap   total 78848K, used 57279K [0x00000000c1200000, 0x0000000100000000)
  region size 1024K, 24 young (24576K), 2 survivors (2048K)
 Metaspace       used 51730K, capacity 52306K, committed 52608K, reserved 1095680K
  class space    used 5987K, capacity 6197K, committed 6272K, reserved 1048576K
}
Event: 18.329 GC heap after
{Heap after GC invocations=13 (full 0):
 garbage-first heap   total 95232K, used 37860K [0x00000000c1200000, 0x0000000100000000)
  region size 1024K, 3 young (3072K), 3 survivors (3072K)
 Metaspace       used 51730K, capacity 52306K, committed 52608K, reserved 1095680K
  class space    used 5987K, capacity 6197K, committed 6272K, reserved 1048576K
}
Event: 21.123 GC heap before
{Heap before GC invocations=13 (full 0):
 garbage-first heap   total 95232K, used 66532K [0x00000000c1200000, 0x0000000100000000)
  region size 1024K, 31 young (31744K), 3 survivors (3072K)
 Metaspace       used 55508K, capacity 56152K, committed 56320K, reserved 1099776K
  class space    used 6303K, capacity 6572K, committed 6656K, reserved 1048576K
}
Event: 21.163 GC heap after
{Heap after GC invocations=14 (full 0):
 garbage-first heap   total 95232K, used 42853K [0x00000000c1200000, 0x0000000100000000)
  region size 1024K, 4 young (4096K), 4 survivors (4096K)
 Metaspace       used 55508K, capacity 56152K, committed 56320K, reserved 1099776K
  class space    used 6303K, capacity 6572K, committed 6656K, reserved 1048576K
}
Event: 22.120 GC heap before
{Heap before GC invocations=14 (full 0):
 garbage-first heap   total 95232K, used 69477K [0x00000000c1200000, 0x0000000100000000)
  region size 1024K, 30 young (30720K), 4 survivors (4096K)
 Metaspace       used 55824K, capacity 56473K, committed 56576K, reserved 1099776K
  class space    used 6309K, capacity 6572K, committed 6656K, reserved 1048576K
}
Event: 22.168 GC heap after
{Heap after GC invocations=15 (full 0):
 garbage-first heap   total 95232K, used 47756K [0x00000000c1200000, 0x0000000100000000)
  region size 1024K, 4 young (4096K), 4 survivors (4096K)
 Metaspace       used 55824K, capacity 56473K, committed 56576K, reserved 1099776K
  class space    used 6309K, capacity 6572K, committed 6656K, reserved 1048576K
}
Event: 22.895 GC heap before
{Heap before GC invocations=15 (full 0):
 garbage-first heap   total 95232K, used 72332K [0x00000000c1200000, 0x0000000100000000)
  region size 1024K, 28 young (28672K), 4 survivors (4096K)
 Metaspace       used 56099K, capacity 56742K, committed 56832K, reserved 1099776K
  class space    used 6326K, capacity 6576K, committed 6656K, reserved 1048576K
}
Event: 22.933 GC heap after
{Heap after GC invocations=16 (full 0):
 garbage-first heap   total 95232K, used 51996K [0x00000000c1200000, 0x0000000100000000)
  region size 1024K, 4 young (4096K), 4 survivors (4096K)
 Metaspace       used 56099K, capacity 56742K, committed 56832K, reserved 1099776K
  class space    used 6326K, capacity 6576K, committed 6656K, reserved 1048576K
}
Event: 23.300 GC heap before
{Heap before GC invocations=17 (full 0):
 garbage-first heap   total 95232K, used 74524K [0x00000000c1200000, 0x0000000100000000)
  region size 1024K, 26 young (26624K), 4 survivors (4096K)
 Metaspace       used 56100K, capacity 56742K, committed 56832K, reserved 1099776K
  class space    used 6326K, capacity 6576K, committed 6656K, reserved 1048576K
}
Event: 23.314 GC heap after
{Heap after GC invocations=18 (full 0):
 garbage-first heap   total 95232K, used 52741K [0x00000000c1200000, 0x0000000100000000)
  region size 1024K, 1 young (1024K), 1 survivors (1024K)
 Metaspace       used 56100K, capacity 56742K, committed 56832K, reserved 1099776K
  class space    used 6326K, capacity 6576K, committed 6656K, reserved 1048576K
}
Event: 23.456 GC heap before
{Heap before GC invocations=18 (full 0):
 garbage-first heap   total 95232K, used 75269K [0x00000000c1200000, 0x0000000100000000)
  region size 1024K, 23 young (23552K), 1 survivors (1024K)
 Metaspace       used 56100K, capacity 56742K, committed 56832K, reserved 1099776K
  class space    used 6326K, capacity 6576K, committed 6656K, reserved 1048576K
}
Event: 23.457 GC heap after
{Heap after GC invocations=19 (full 0):
 garbage-first heap   total 95232K, used 52207K [0x00000000c1200000, 0x0000000100000000)
  region size 1024K, 1 young (1024K), 1 survivors (1024K)
 Metaspace       used 56100K, capacity 56742K, committed 56832K, reserved 1099776K
  class space    used 6326K, capacity 6576K, committed 6656K, reserved 1048576K
}
Event: 25.837 GC heap before
{Heap before GC invocations=19 (full 0):
 garbage-first heap   total 95232K, used 74735K [0x00000000c1200000, 0x0000000100000000)
  region size 1024K, 24 young (24576K), 1 survivors (1024K)
 Metaspace       used 59627K, capacity 60335K, committed 60544K, reserved 1103872K
  class space    used 6739K, capacity 7024K, committed 7040K, reserved 1048576K
}
Event: 25.850 GC heap after
{Heap after GC invocations=20 (full 0):
 garbage-first heap   total 95232K, used 53974K [0x00000000c1200000, 0x0000000100000000)
  region size 1024K, 2 young (2048K), 2 survivors (2048K)
 Metaspace       used 59627K, capacity 60335K, committed 60544K, reserved 1103872K
  class space    used 6739K, capacity 7024K, committed 7040K, reserved 1048576K
}
Event: 29.177 GC heap before
{Heap before GC invocations=21 (full 0):
 garbage-first heap   total 95232K, used 76502K [0x00000000c1200000, 0x0000000100000000)
  region size 1024K, 25 young (25600K), 2 survivors (2048K)
 Metaspace       used 63587K, capacity 64366K, committed 64512K, reserved 1105920K
  class space    used 7276K, capacity 7623K, committed 7680K, reserved 1048576K
}
Event: 29.206 GC heap after
{Heap after GC invocations=22 (full 0):
 garbage-first heap   total 95232K, used 57440K [0x00000000c1200000, 0x0000000100000000)
  region size 1024K, 4 young (4096K), 4 survivors (4096K)
 Metaspace       used 63587K, capacity 64366K, committed 64512K, reserved 1105920K
  class space    used 7276K, capacity 7623K, committed 7680K, reserved 1048576K
}
Event: 32.565 GC heap before
{Heap before GC invocations=22 (full 0):
 garbage-first heap   total 95232K, used 76896K [0x00000000c1200000, 0x0000000100000000)
  region size 1024K, 23 young (23552K), 4 survivors (4096K)
 Metaspace       used 65624K, capacity 66484K, committed 66688K, reserved 1107968K
  class space    used 7436K, capacity 7767K, committed 7808K, reserved 1048576K
}
Event: 32.597 GC heap after
{Heap after GC invocations=23 (full 0):
 garbage-first heap   total 114688K, used 60572K [0x00000000c1200000, 0x0000000100000000)
  region size 1024K, 3 young (3072K), 3 survivors (3072K)
 Metaspace       used 65624K, capacity 66484K, committed 66688K, reserved 1107968K
  class space    used 7436K, capacity 7767K, committed 7808K, reserved 1048576K
}

